<?xml version="1.0" encoding="UTF-8"?>
<!-- Generated by org.testng.reporters.JUnitXMLReporter -->
<testsuite ignored="22" hostname="LPT-0919" failures="1" tests="6" name="Test" time="132.893" errors="0" timestamp="22 Jul 2021 12:28:17 GMT">
  <testcase classname="com.ae.qa.testcases.HomePageTest" name="validateSearchFunctionalityTest" time="0.362">
    <failure type="java.lang.NullPointerException">
      <![CDATA[java.lang.NullPointerException
at com.ae.qa.pages.HomePage.validateSearchFunctionality(HomePage.java:33)
at com.ae.qa.testcases.HomePageTest.validateSearchFunctionalityTest(HomePageTest.java:21)
... Removed 25 stack frames]]>
    </failure>
  </testcase> <!-- validateSearchFunctionalityTest -->
  <testcase classname="com.ae.qa.testcases.AuditLogsPageTest" name="validatedownloadingAuditLogs" time="25.128"/>
  <testcase classname="com.ae.qa.testcases.AuditLogsPageTest" name="validatecheckColumnsInAuditLogs" time="13.847"/>
  <testcase classname="com.ae.qa.testcases.AuditLogsPageTest" name="validatedeselectAllInAuditLogs" time="13.793"/>
  <testcase classname="com.ae.qa.testcases.AuditLogsPageTest" name="verifySpecificColumnTest" time="14.068"/>
  <testcase classname="com.ae.qa.testcases.ArtifactsPageTest" name="validateUploadPSTest" time="49.51"/>
  <testcase classname="com.ae.qa.base.TestBase" name="@AfterTest endReport" time="0.0">
    <ignored/>
  </testcase> <!-- @AfterTest endReport -->
  <testcase classname="com.ae.qa.base.TestBase" name="@AfterTest endReport" time="0.0">
    <ignored/>
  </testcase> <!-- @AfterTest endReport -->
  <testcase classname="com.ae.qa.base.TestBase" name="@AfterTest endReport" time="0.0">
    <ignored/>
  </testcase> <!-- @AfterTest endReport -->
  <testcase classname="com.ae.qa.base.TestBase" name="@AfterTest endReport" time="0.0">
    <ignored/>
  </testcase> <!-- @AfterTest endReport -->
  <testcase classname="com.ae.qa.base.TestBase" name="@AfterTest endReport" time="0.0">
    <ignored/>
  </testcase> <!-- @AfterTest endReport -->
  <testcase classname="com.ae.qa.base.TestBase" name="@AfterTest endReport" time="0.0">
    <ignored/>
  </testcase> <!-- @AfterTest endReport -->
  <testcase classname="com.ae.qa.base.TestBase" name="@AfterTest endReport" time="0.0">
    <ignored/>
  </testcase> <!-- @AfterTest endReport -->
  <testcase classname="com.ae.qa.base.TestBase" name="@AfterTest endReport" time="0.0">
    <ignored/>
  </testcase> <!-- @AfterTest endReport -->
  <testcase classname="com.ae.qa.base.TestBase" name="@AfterTest endReport" time="0.0">
    <ignored/>
  </testcase> <!-- @AfterTest endReport -->
  <testcase classname="com.ae.qa.base.TestBase" name="@AfterTest endReport" time="0.0">
    <ignored/>
  </testcase> <!-- @AfterTest endReport -->
  <testcase classname="com.ae.qa.base.TestBase" name="@AfterTest endReport" time="0.0">
    <ignored/>
  </testcase> <!-- @AfterTest endReport -->
  <testcase classname="com.ae.qa.base.TestBase" name="@BeforeTest setExtent" time="0.0">
    <ignored/>
  </testcase> <!-- @BeforeTest setExtent -->
  <testcase classname="com.ae.qa.base.TestBase" name="@BeforeTest setExtent" time="0.0">
    <ignored/>
  </testcase> <!-- @BeforeTest setExtent -->
  <testcase classname="com.ae.qa.base.TestBase" name="@BeforeTest setExtent" time="0.0">
    <ignored/>
  </testcase> <!-- @BeforeTest setExtent -->
  <testcase classname="com.ae.qa.base.TestBase" name="@BeforeTest setExtent" time="0.0">
    <ignored/>
  </testcase> <!-- @BeforeTest setExtent -->
  <testcase classname="com.ae.qa.base.TestBase" name="@BeforeTest setExtent" time="0.0">
    <ignored/>
  </testcase> <!-- @BeforeTest setExtent -->
  <testcase classname="com.ae.qa.base.TestBase" name="@BeforeTest setExtent" time="0.0">
    <ignored/>
  </testcase> <!-- @BeforeTest setExtent -->
  <testcase classname="com.ae.qa.base.TestBase" name="@BeforeTest setExtent" time="0.0">
    <ignored/>
  </testcase> <!-- @BeforeTest setExtent -->
  <testcase classname="com.ae.qa.base.TestBase" name="@BeforeTest setExtent" time="0.0">
    <ignored/>
  </testcase> <!-- @BeforeTest setExtent -->
  <testcase classname="com.ae.qa.base.TestBase" name="@BeforeTest setExtent" time="0.0">
    <ignored/>
  </testcase> <!-- @BeforeTest setExtent -->
  <testcase classname="com.ae.qa.base.TestBase" name="@BeforeTest setExtent" time="0.0">
    <ignored/>
  </testcase> <!-- @BeforeTest setExtent -->
  <testcase classname="com.ae.qa.base.TestBase" name="@BeforeTest setExtent" time="0.0">
    <ignored/>
  </testcase> <!-- @BeforeTest setExtent -->
</testsuite> <!-- Test -->
