<?xml version="1.0" encoding="UTF-8"?>
<testng-results ignored="0" total="2" passed="2" failed="0" skipped="0">
  <reporter-output>
    <line>
      <![CDATA[User logged in successfully]]>
    </line>
    <line>
      <![CDATA[Reports Tab is clicked]]>
    </line>
    <line>
      <![CDATA[Dashboard chosed successfully]]>
    </line>
    <line>
      <![CDATA[Add report is clicked]]>
    </line>
    <line>
      <![CDATA[Report Type selected successfully]]>
    </line>
    <line>
      <![CDATA[Generate on Worklfows radio button already selected]]>
    </line>
    <line>
      <![CDATA[one workflow is selected]]>
    </line>
    <line>
      <![CDATA[Generate button selected successfully]]>
    </line>
    <line>
      <![CDATA[Report added as a Table]]>
    </line>
    <line>
      <![CDATA[Report saved on screen]]>
    </line>
    <line>
      <![CDATA[Report Custom Report KG displayed on screen successfully]]>
    </line>
    <line>
      <![CDATA[User signed out successfully]]>
    </line>
    <line>
      <![CDATA[User logged in successfully]]>
    </line>
    <line>
      <![CDATA[Reports Tab is clicked]]>
    </line>
    <line>
      <![CDATA[Dashboard chosed successfully]]>
    </line>
    <line>
      <![CDATA[Delete Dashboard option clicked]]>
    </line>
    <line>
      <![CDATA[Delete button clicked on popup]]>
    </line>
    <line>
      <![CDATA[After deleting dashboard with report, actual message get is: Dashboard Deleted successfully]]>
    </line>
    <line>
      <![CDATA[Dashboard with report deleted successfully]]>
    </line>
    <line>
      <![CDATA[User signed out successfully]]>
    </line>
  </reporter-output>
  <suite started-at="2023-02-06T05:40:14Z" name="Default suite" finished-at="2023-02-06T05:42:00Z" duration-ms="105984">
    <groups>
    </groups>
    <test started-at="2023-02-06T05:40:14Z" name="Default test" finished-at="2023-02-06T05:42:00Z" duration-ms="105984">
      <class name="com.ae.qa.testcasesWorkflowAdmin.DashboardsPageTestWA">
        <test-method is-config="true" signature="setExtent()[pri:0, instance:com.ae.qa.testcasesWorkflowAdmin.DashboardsPageTestWA@2e54db99]" started-at="2023-02-06T05:40:14Z" name="setExtent" finished-at="2023-02-06T05:40:14Z" duration-ms="187" status="PASS">
          <reporter-output>
          </reporter-output>
        </test-method> <!-- setExtent -->
        <test-method is-config="true" signature="initialization()[pri:0, instance:com.ae.qa.testcasesWorkflowAdmin.DashboardsPageTestWA@2e54db99]" started-at="2023-02-06T05:40:14Z" name="initialization" finished-at="2023-02-06T05:40:18Z" duration-ms="4288" status="PASS">
          <reporter-output>
          </reporter-output>
        </test-method> <!-- initialization -->
        <test-method signature="validateReportCustomWATest(java.lang.reflect.Method)[pri:604, instance:com.ae.qa.testcasesWorkflowAdmin.DashboardsPageTestWA@2e54db99]" started-at="2023-02-06T05:40:18Z" name="validateReportCustomWATest" finished-at="2023-02-06T05:41:25Z" duration-ms="66606" status="PASS">
          <params>
            <param index="0">
              <value>
                <![CDATA[public void com.ae.qa.testcasesWorkflowAdmin.DashboardsPageTestWA.validateReportCustomWATest(java.lang.reflect.Method) throws java.lang.Exception]]>
              </value>
            </param>
          </params>
          <reporter-output>
            <line>
              <![CDATA[User logged in successfully]]>
            </line>
            <line>
              <![CDATA[Reports Tab is clicked]]>
            </line>
            <line>
              <![CDATA[Dashboard chosed successfully]]>
            </line>
            <line>
              <![CDATA[Add report is clicked]]>
            </line>
            <line>
              <![CDATA[Report Type selected successfully]]>
            </line>
            <line>
              <![CDATA[Generate on Worklfows radio button already selected]]>
            </line>
            <line>
              <![CDATA[one workflow is selected]]>
            </line>
            <line>
              <![CDATA[Generate button selected successfully]]>
            </line>
            <line>
              <![CDATA[Report added as a Table]]>
            </line>
            <line>
              <![CDATA[Report saved on screen]]>
            </line>
            <line>
              <![CDATA[Report Custom Report KG displayed on screen successfully]]>
            </line>
            <line>
              <![CDATA[User signed out successfully]]>
            </line>
          </reporter-output>
        </test-method> <!-- validateReportCustomWATest -->
        <test-method is-config="true" signature="getResult(org.testng.ITestResult)[pri:0, instance:com.ae.qa.testcasesWorkflowAdmin.DashboardsPageTestWA@2e54db99]" started-at="2023-02-06T05:41:25Z" name="getResult" finished-at="2023-02-06T05:41:25Z" duration-ms="344" status="PASS">
          <params>
            <param index="0">
              <value>
                <![CDATA[[TestResult name=validateReportCustomWATest status=SUCCESS method=DashboardsPageTestWA.validateReportCustomWATest(java.lang.reflect.Method)[pri:604, instance:com.ae.qa.testcasesWorkflowAdmin.DashboardsPageTestWA@2e54db99] output=User logged in successfully]]]>
              </value>
            </param>
          </params>
          <reporter-output>
          </reporter-output>
        </test-method> <!-- getResult -->
        <test-method is-config="true" signature="initialization()[pri:0, instance:com.ae.qa.testcasesWorkflowAdmin.DashboardsPageTestWA@2e54db99]" started-at="2023-02-06T05:41:25Z" name="initialization" finished-at="2023-02-06T05:41:31Z" duration-ms="5190" status="PASS">
          <reporter-output>
          </reporter-output>
        </test-method> <!-- initialization -->
        <test-method signature="validateDeleteDashboardWithReportWATest(java.lang.reflect.Method)[pri:605, instance:com.ae.qa.testcasesWorkflowAdmin.DashboardsPageTestWA@2e54db99]" started-at="2023-02-06T05:41:31Z" name="validateDeleteDashboardWithReportWATest" finished-at="2023-02-06T05:41:52Z" depends-on-methods="com.ae.qa.testcasesWorkflowAdmin.DashboardsPageTestWA.validateReportCustomWATest" duration-ms="21122" status="PASS">
          <params>
            <param index="0">
              <value>
                <![CDATA[public void com.ae.qa.testcasesWorkflowAdmin.DashboardsPageTestWA.validateDeleteDashboardWithReportWATest(java.lang.reflect.Method) throws java.lang.Exception]]>
              </value>
            </param>
          </params>
          <reporter-output>
            <line>
              <![CDATA[User logged in successfully]]>
            </line>
            <line>
              <![CDATA[Reports Tab is clicked]]>
            </line>
            <line>
              <![CDATA[Dashboard chosed successfully]]>
            </line>
            <line>
              <![CDATA[Delete Dashboard option clicked]]>
            </line>
            <line>
              <![CDATA[Delete button clicked on popup]]>
            </line>
            <line>
              <![CDATA[After deleting dashboard with report, actual message get is: Dashboard Deleted successfully]]>
            </line>
            <line>
              <![CDATA[Dashboard with report deleted successfully]]>
            </line>
            <line>
              <![CDATA[User signed out successfully]]>
            </line>
          </reporter-output>
        </test-method> <!-- validateDeleteDashboardWithReportWATest -->
        <test-method is-config="true" signature="getResult(org.testng.ITestResult)[pri:0, instance:com.ae.qa.testcasesWorkflowAdmin.DashboardsPageTestWA@2e54db99]" started-at="2023-02-06T05:41:52Z" name="getResult" finished-at="2023-02-06T05:41:52Z" duration-ms="363" status="PASS">
          <params>
            <param index="0">
              <value>
                <![CDATA[[TestResult name=validateDeleteDashboardWithReportWATest status=SUCCESS method=DashboardsPageTestWA.validateDeleteDashboardWithReportWATest(java.lang.reflect.Method)[pri:605, instance:com.ae.qa.testcasesWorkflowAdmin.DashboardsPageTestWA@2e54db99] output=User logged in successfully]]]>
              </value>
            </param>
          </params>
          <reporter-output>
          </reporter-output>
        </test-method> <!-- getResult -->
        <test-method is-config="true" signature="endReport()[pri:0, instance:com.ae.qa.testcasesWorkflowAdmin.DashboardsPageTestWA@2e54db99]" started-at="2023-02-06T05:41:52Z" name="endReport" finished-at="2023-02-06T05:42:00Z" duration-ms="7837" status="FAIL">
          <exception class="java.lang.RuntimeException">
            <message>
              <![CDATA[javax.mail.AuthenticationFailedException: 535 5.7.139 Authentication unsuccessful, the user credentials were incorrect. [PN2PR01CA0080.INDPRD01.PROD.OUTLOOK.COM 2023-02-06T05:42:00.441Z 08DB078D0E8716E5]
]]>
            </message>
            <full-stacktrace>
              <![CDATA[java.lang.RuntimeException: javax.mail.AuthenticationFailedException: 535 5.7.139 Authentication unsuccessful, the user credentials were incorrect. [PN2PR01CA0080.INDPRD01.PROD.OUTLOOK.COM 2023-02-06T05:42:00.441Z 08DB078D0E8716E5]

at com.ae.qa.util.SendMail.sendExtentReport(SendMail.java:79)
at com.ae.qa.base.TestBase.endReport(TestBase.java:218)
at java.base/jdk.internal.reflect.NativeMethodAccessorImpl.invoke0(Native Method)
at java.base/jdk.internal.reflect.NativeMethodAccessorImpl.invoke(NativeMethodAccessorImpl.java:78)
at java.base/jdk.internal.reflect.DelegatingMethodAccessorImpl.invoke(DelegatingMethodAccessorImpl.java:43)
at java.base/java.lang.reflect.Method.invoke(Method.java:567)
at org.testng.internal.MethodInvocationHelper.invokeMethod(MethodInvocationHelper.java:124)
at org.testng.internal.MethodInvocationHelper.invokeMethodConsideringTimeout(MethodInvocationHelper.java:59)
at org.testng.internal.Invoker.invokeConfigurationMethod(Invoker.java:458)
at org.testng.internal.Invoker.invokeConfigurations(Invoker.java:222)
at org.testng.internal.Invoker.invokeConfigurations(Invoker.java:142)
at org.testng.TestRunner.afterRun(TestRunner.java:725)
at org.testng.TestRunner.run(TestRunner.java:509)
at org.testng.SuiteRunner.runTest(SuiteRunner.java:455)
at org.testng.SuiteRunner.runSequentially(SuiteRunner.java:450)
at org.testng.SuiteRunner.privateRun(SuiteRunner.java:415)
at org.testng.SuiteRunner.run(SuiteRunner.java:364)
at org.testng.SuiteRunnerWorker.runSuite(SuiteRunnerWorker.java:52)
at org.testng.SuiteRunnerWorker.run(SuiteRunnerWorker.java:84)
at org.testng.TestNG.runSuitesSequentially(TestNG.java:1208)
at org.testng.TestNG.runSuitesLocally(TestNG.java:1137)
at org.testng.TestNG.runSuites(TestNG.java:1049)
at org.testng.TestNG.run(TestNG.java:1017)
at org.testng.remote.AbstractRemoteTestNG.run(AbstractRemoteTestNG.java:115)
at org.testng.remote.RemoteTestNG.initAndRun(RemoteTestNG.java:251)
at org.testng.remote.RemoteTestNG.main(RemoteTestNG.java:77)
Caused by: javax.mail.AuthenticationFailedException: 535 5.7.139 Authentication unsuccessful, the user credentials were incorrect. [PN2PR01CA0080.INDPRD01.PROD.OUTLOOK.COM 2023-02-06T05:42:00.441Z 08DB078D0E8716E5]

at com.sun.mail.smtp.SMTPTransport$Authenticator.authenticate(SMTPTransport.java:965)
at com.sun.mail.smtp.SMTPTransport.authenticate(SMTPTransport.java:876)
at com.sun.mail.smtp.SMTPTransport.protocolConnect(SMTPTransport.java:780)
at javax.mail.Service.connect(Service.java:388)
at javax.mail.Service.connect(Service.java:246)
at javax.mail.Service.connect(Service.java:195)
at javax.mail.Transport.send0(Transport.java:254)
at javax.mail.Transport.send(Transport.java:124)
at com.ae.qa.util.SendMail.sendExtentReport(SendMail.java:76)
... 25 more
]]>
            </full-stacktrace>
          </exception> <!-- java.lang.RuntimeException -->
          <reporter-output>
          </reporter-output>
        </test-method> <!-- endReport -->
      </class> <!-- com.ae.qa.testcasesWorkflowAdmin.DashboardsPageTestWA -->
    </test> <!-- Default test -->
  </suite> <!-- Default suite -->
</testng-results>
