<?xml version="1.0" encoding="UTF-8"?>
<!-- Generated by org.testng.reporters.JUnitReportReporter -->
<testsuite hostname="DESKTOP-5VHKQUJ" failures="0" tests="1" name="com.ae.qa.testcasesTenantAdmin.FileManagementPageTestTA" time="28.943" errors="0" timestamp="23 Aug 2022 11:39:06 GMT" skipped="0">
  <testcase classname="com.ae.qa.testcasesTenantAdmin.FileManagementPageTestTA" name="validateDeleteUploadWorkflowFilesTest" time="28.943"/>
</testsuite> <!-- com.ae.qa.testcasesTenantAdmin.FileManagementPageTestTA -->
